2021-07-21 12:12:30 TRACE Menu:27 - Start BankApp. start()
2021-07-21 12:12:30 TRACE Menu:89 - called startMenu()
2021-07-21 12:12:40 TRACE Menu:96 - Start menu returning selection: 2
2021-07-21 12:13:00 DEBUG UserService:59 - 2005-07-21
2021-07-21 12:13:00 DEBUG UserService:61 - 2005-07-22
2021-07-21 12:13:00 TRACE Menu:89 - called startMenu()
2021-07-21 12:13:04 TRACE Menu:96 - Start menu returning selection: 1
2021-07-21 12:13:10 DEBUG Menu:34 - Nik
2021-07-21 12:13:10 INFO  Menu:44 - Successful login for user: User [id=4, username=Nik, email=nik@email.com, birthday=2000-01-01, type=MEMBER, currency=1000, lastCheckIn=2021-01-01]
2021-07-21 12:13:10 TRACE Menu:101 - called member()
2021-07-21 12:29:26 TRACE Menu:27 - Start BankApp. start()
2021-07-21 12:29:26 TRACE Menu:89 - called startMenu()
2021-07-21 12:29:33 TRACE Menu:96 - Start menu returning selection: 1
2021-07-21 12:29:36 DEBUG Menu:34 - Nik
2021-07-21 12:29:36 INFO  Menu:44 - Successful login for user: User [id=4, username=Nik, email=nik@email.com, birthday=2000-01-01, type=MEMBER, currency=1000, lastCheckIn=2021-01-01]
2021-07-21 12:29:36 TRACE Menu:101 - called member()
2021-07-21 12:30:10 TRACE Menu:89 - called startMenu()
2021-07-21 13:14:53 TRACE Menu:27 - Start BankApp. start()
2021-07-21 13:14:53 TRACE Menu:89 - called startMenu()
2021-07-21 13:15:01 TRACE Menu:96 - Start menu returning selection: 2
2021-07-21 13:15:24 DEBUG UserService:59 - 2005-07-21
2021-07-21 13:15:24 DEBUG UserService:61 - 2005-07-22
2021-07-21 13:15:25 TRACE Menu:89 - called startMenu()
2021-07-21 13:15:50 TRACE Menu:96 - Start menu returning selection: 1
2021-07-21 13:15:53 DEBUG Menu:34 - Kin
2021-07-21 13:15:53 INFO  Menu:44 - Successful login for user: User [id=5, username=Kin, email=Kin@email.com, birthday=2000-01-01, type=MEMBER, currency=1000, lastCheckIn=2021-01-01]
2021-07-21 13:15:53 TRACE Menu:101 - called member()
2021-07-21 14:24:27 TRACE Menu:96 - Start menu returning selection: -1
2021-07-21 14:24:27 TRACE Menu:89 - called startMenu()
2021-07-21 14:24:27 TRACE Menu:96 - Start menu returning selection: -1
2021-07-21 14:24:27 TRACE Menu:89 - called startMenu()
2021-07-21 14:24:27 TRACE Menu:96 - Start menu returning selection: -1
2021-07-21 14:24:27 TRACE Menu:89 - called startMenu()
2021-07-21 14:24:27 TRACE Menu:96 - Start menu returning selection: -1
2021-07-21 14:24:27 TRACE Menu:89 - called startMenu()
2021-07-21 14:24:27 TRACE Menu:96 - Start menu returning selection: -1
2021-07-21 14:24:27 TRACE Menu:89 - called startMenu()
2021-07-21 14:24:27 TRACE Menu:96 - Start menu returning selection: -1
2021-07-21 14:24:27 TRACE Menu:89 - called startMenu()
2021-07-21 14:24:27 TRACE Menu:96 - Start menu returning selection: -1
2021-07-21 14:24:27 TRACE Menu:89 - called startMenu()
2021-07-21 14:24:27 TRACE Menu:96 - Start menu returning selection: -1
2021-07-21 14:24:27 TRACE Menu:89 - called startMenu()
2021-07-21 14:24:27 TRACE Menu:96 - Start menu returning selection: -1
2021-07-21 14:24:27 TRACE Menu:89 - called startMenu()
2021-07-21 14:24:27 TRACE Menu:96 - Start menu returning selection: -1
2021-07-21 14:24:27 TRACE Menu:89 - called startMenu()
2021-07-21 14:24:27 TRACE Menu:96 - Start menu returning selection: -1
2021-07-21 14:24:27 TRACE Menu:89 - called startMenu()
2021-07-21 14:24:27 TRACE Menu:96 - Start menu returning selection: -1
2021-07-21 14:24:27 TRACE Menu:89 - called startMenu()
2021-07-21 14:24:27 TRACE Menu:96 - Start menu returning selection: -1
2021-07-21 14:24:27 TRACE Menu:89 - called startMenu()
2021-07-21 14:24:27 TRACE Menu:96 - Start menu returning selection: -1
2021-07-21 14:24:27 TRACE Menu:89 - called startMenu()
2021-07-21 14:24:27 TRACE Menu:96 - Start menu returning selection: -1
2021-07-21 14:24:27 TRACE Menu:89 - called startMenu()
2021-07-21 14:24:27 TRACE Menu:96 - Start menu returning selection: -1
2021-07-21 14:24:27 TRACE Menu:89 - called startMenu()
2021-07-21 14:24:27 TRACE Menu:96 - Start menu returning selection: -1
2021-07-21 14:24:27 TRACE Menu:89 - called startMenu()
2021-07-21 14:24:27 TRACE Menu:96 - Start menu returning selection: -1
2021-07-21 14:24:27 TRACE Menu:89 - called startMenu()
2021-07-21 14:24:27 TRACE Menu:96 - Start menu returning selection: -1
2021-07-21 14:24:27 TRACE Menu:89 - called startMenu()
2021-07-21 14:24:27 TRACE Menu:96 - Start menu returning selection: -1
2021-07-21 14:24:27 TRACE Menu:89 - called startMenu()
2021-07-21 14:24:27 TRACE Menu:96 - Start menu returning selection: -1
2021-07-21 14:24:27 TRACE Menu:89 - called startMenu()
2021-07-21 14:24:27 TRACE Menu:96 - Start menu returning selection: -1
2021-07-21 14:24:27 TRACE Menu:89 - called startMenu()
2021-07-21 14:24:27 TRACE Menu:96 - Start menu returning selection: -1
2021-07-21 14:24:27 TRACE Menu:89 - called startMenu()
2021-07-21 14:24:27 TRACE Menu:96 - Start menu returning selection: -1
2021-07-21 14:24:27 TRACE Menu:89 - called startMenu()
2021-07-21 14:24:27 TRACE Menu:96 - Start menu returning selection: -1
2021-07-21 14:24:27 TRACE Menu:89 - called startMenu()
2021-07-21 14:24:27 TRACE Menu:96 - Start menu returning selection: -1
2021-07-21 14:24:27 TRACE Menu:89 - called startMenu()
2021-07-21 14:24:27 TRACE Menu:96 - Start menu returning selection: -1
2021-07-21 14:24:27 TRACE Menu:89 - called startMenu()
2021-07-21 14:24:27 TRACE Menu:96 - Start menu returning selection: -1
2021-07-21 14:24:27 TRACE Menu:89 - called startMenu()
2021-07-21 14:24:27 TRACE Menu:96 - Start menu returning selection: -1
2021-07-21 14:24:27 TRACE Menu:89 - called startMenu()
2021-07-21 14:24:27 TRACE Menu:96 - Start menu returning selection: -1
2021-07-21 14:24:27 TRACE Menu:89 - called startMenu()
2021-07-21 14:24:27 TRACE Menu:96 - Start menu returning selection: -1
2021-07-21 14:24:27 TRACE Menu:89 - called startMenu()
2021-07-21 14:24:27 TRACE Menu:96 - Start menu returning selection: -1
2021-07-21 14:24:27 TRACE Menu:89 - called startMenu()
2021-07-21 14:24:27 TRACE Menu:96 - Start menu returning selection: -1
2021-07-21 14:24:27 TRACE Menu:89 - called startMenu()
2021-07-21 14:24:27 TRACE Menu:96 - Start menu returning selection: -1
2021-07-21 14:24:27 TRACE Menu:89 - called startMenu()
2021-07-21 14:24:27 TRACE Menu:96 - Start menu returning selection: -1
2021-07-21 14:24:27 TRACE Menu:89 - called startMenu()
2021-07-21 14:24:27 TRACE Menu:96 - Start menu returning selection: -1
2021-07-21 14:24:27 TRACE Menu:89 - called startMenu()
2021-07-21 14:24:27 TRACE Menu:96 - Start menu returning selection: -1
2021-07-21 14:24:27 TRACE Menu:89 - called startMenu()
2021-07-21 14:24:28 TRACE Menu:96 - Start menu returning selection: -1
2021-07-21 14:24:28 TRACE Menu:89 - called startMenu()
2021-07-21 14:24:28 TRACE Menu:96 - Start menu returning selection: -1
2021-07-21 14:24:28 TRACE Menu:89 - called startMenu()
2021-07-21 14:24:28 TRACE Menu:96 - Start menu returning selection: -1
2021-07-21 14:24:28 TRACE Menu:89 - called startMenu()
2021-07-21 14:24:28 TRACE Menu:96 - Start menu returning selection: -1
